app/build/outputs/logs/manifest-merger-release-report.txt
-- Merging decision tree log ---
manifest
ADDED from DaumSpeechOpenApiAndroidSample\app\AndroidManifest.xml:2:1-29:12
	package
		ADDED from DaumSpeechOpenApiAndroidSample\app\AndroidManifest.xml:3:11-54
	android:versionName
		ADDED from DaumSpeechOpenApiAndroidSample\app\AndroidManifest.xml:5:11-38
		INJECTED from DaumSpeechOpenApiAndroidSample\app\AndroidManifest.xml
		INJECTED from DaumSpeechOpenApiAndroidSample\app\AndroidManifest.xml
	android:versionCode
		ADDED from DaumSpeechOpenApiAndroidSample\app\AndroidManifest.xml:4:11-34
		INJECTED from DaumSpeechOpenApiAndroidSample\app\AndroidManifest.xml
		INJECTED from DaumSpeechOpenApiAndroidSample\app\AndroidManifest.xml
	xmlns:android
		ADDED from DaumSpeechOpenApiAndroidSample\app\AndroidManifest.xml:2:11-69
uses-sdk
ADDED from DaumSpeechOpenApiAndroidSample\app\AndroidManifest.xml:6:5-74
MERGED from [com.android.support:appcompat-v7:23.4.0] AndroidManifest.xml:21:5-23:78
MERGED from [com.android.support:animated-vector-drawable:23.4.0] AndroidManifest.xml:5:5-44
MERGED from [com.android.support:support-vector-drawable:23.4.0] AndroidManifest.xml:5:5-43
MERGED from [com.android.support:support-v4:23.4.0] AndroidManifest.xml:20:5-43
MERGED from [DaumSpeechOpenApiAndroidSample:daum-speech-openapi-5.0:unspecified] AndroidManifest.xml:7:5-9:41
	tools:overrideLibrary
		ADDED from [com.android.support:appcompat-v7:23.4.0] AndroidManifest.xml:23:9-75
	android:targetSdkVersion
		ADDED from DaumSpeechOpenApiAndroidSample\app\AndroidManifest.xml:6:42-71
	android:minSdkVersion
		ADDED from DaumSpeechOpenApiAndroidSample\app\AndroidManifest.xml:6:15-41
uses-permission#android.permission.INTERNET
ADDED from DaumSpeechOpenApiAndroidSample\app\AndroidManifest.xml:8:5-67
MERGED from [DaumSpeechOpenApiAndroidSample:daum-speech-openapi-5.0:unspecified] AndroidManifest.xml:11:5-67
	android:name
		ADDED from DaumSpeechOpenApiAndroidSample\app\AndroidManifest.xml:8:22-64
uses-permission#android.permission.RECORD_AUDIO
ADDED from DaumSpeechOpenApiAndroidSample\app\AndroidManifest.xml:9:5-71
MERGED from [DaumSpeechOpenApiAndroidSample:daum-speech-openapi-5.0:unspecified] AndroidManifest.xml:12:5-71
	android:name
		ADDED from DaumSpeechOpenApiAndroidSample\app\AndroidManifest.xml:9:22-68
uses-permission#android.permission.ACCESS_NETWORK_STATE
ADDED from DaumSpeechOpenApiAndroidSample\app\AndroidManifest.xml:10:5-79
MERGED from [DaumSpeechOpenApiAndroidSample:daum-speech-openapi-5.0:unspecified] AndroidManifest.xml:13:5-79
	android:name
		ADDED from DaumSpeechOpenApiAndroidSample\app\AndroidManifest.xml:10:22-76
uses-permission#android.permission.WRITE_EXTERNAL_STORAGE
ADDED from DaumSpeechOpenApiAndroidSample\app\AndroidManifest.xml:11:5-81
	android:name
		ADDED from DaumSpeechOpenApiAndroidSample\app\AndroidManifest.xml:11:22-78
uses-permission#android.permission.BLUETOOTH
ADDED from DaumSpeechOpenApiAndroidSample\app\AndroidManifest.xml:12:5-68
MERGED from [DaumSpeechOpenApiAndroidSample:daum-speech-openapi-5.0:unspecified] AndroidManifest.xml:14:5-68
	android:name
		ADDED from DaumSpeechOpenApiAndroidSample\app\AndroidManifest.xml:12:22-65
application
ADDED from DaumSpeechOpenApiAndroidSample\app\AndroidManifest.xml:14:5-28:19
MERGED from [com.android.support:appcompat-v7:23.4.0] AndroidManifest.xml:25:5-20
MERGED from [com.android.support:animated-vector-drawable:23.4.0] AndroidManifest.xml:7:5-20
MERGED from [com.android.support:support-vector-drawable:23.4.0] AndroidManifest.xml:7:5-20
MERGED from [com.android.support:support-v4:23.4.0] AndroidManifest.xml:22:5-20
	android:label
		ADDED from DaumSpeechOpenApiAndroidSample\app\AndroidManifest.xml:14:18-50
	android:allowBackup
		ADDED from DaumSpeechOpenApiAndroidSample\app\AndroidManifest.xml:14:85-112
	android:icon
		ADDED from DaumSpeechOpenApiAndroidSample\app\AndroidManifest.xml:14:51-84
activity#net.daum.speech.api.openapisample.SpeechSampleActivity
ADDED from DaumSpeechOpenApiAndroidSample\app\AndroidManifest.xml:15:9-21:20
	android:screenOrientation
		ADDED from DaumSpeechOpenApiAndroidSample\app\AndroidManifest.xml:16:54-90
	android:label
		ADDED from DaumSpeechOpenApiAndroidSample\app\AndroidManifest.xml:16:19-53
	android:name
		ADDED from DaumSpeechOpenApiAndroidSample\app\AndroidManifest.xml:15:19-55
intent-filter#android.intent.action.MAIN+android.intent.category.LAUNCHER
ADDED from DaumSpeechOpenApiAndroidSample\app\AndroidManifest.xml:17:13-20:29
action#android.intent.action.MAIN
ADDED from DaumSpeechOpenApiAndroidSample\app\AndroidManifest.xml:18:17-68
	android:name
		ADDED from DaumSpeechOpenApiAndroidSample\app\AndroidManifest.xml:18:25-66
category#android.intent.category.LAUNCHER
ADDED from DaumSpeechOpenApiAndroidSample\app\AndroidManifest.xml:19:17-76
	android:name
		ADDED from DaumSpeechOpenApiAndroidSample\app\AndroidManifest.xml:19:27-74
activity#net.daum.speech.api.openapisample.VoiceRecoActivity
ADDED from DaumSpeechOpenApiAndroidSample\app\AndroidManifest.xml:22:5-24:75
	android:screenOrientation
		ADDED from DaumSpeechOpenApiAndroidSample\app\AndroidManifest.xml:23:15-51
	android:theme
		ADDED from DaumSpeechOpenApiAndroidSample\app\AndroidManifest.xml:24:15-73
	android:name
		ADDED from DaumSpeechOpenApiAndroidSample\app\AndroidManifest.xml:22:15-81
activity#net.daum.speech.api.openapisample.TextToSpeechActivity
ADDED from DaumSpeechOpenApiAndroidSample\app\AndroidManifest.xml:25:5-27:75
	android:screenOrientation
		ADDED from DaumSpeechOpenApiAndroidSample\app\AndroidManifest.xml:26:15-51
	android:theme
		ADDED from DaumSpeechOpenApiAndroidSample\app\AndroidManifest.xml:27:15-73
	android:name
		ADDED from DaumSpeechOpenApiAndroidSample\app\AndroidManifest.xml:25:15-84